=========================================
Starting application
=========================================
 [INFO] Downloading artifact https://nexus.pro.pandora.mx.corp/repository/maven-snapshot/mx/santander/h2h/monitoreoapi/h2h-treasury-service/0.0.1-SNAPSHOT/h2h-treasury-service-0.0.1-20250925.011324-24.jar...
### Default user has been modified ###

  .   ____          _            __ _ _
 /\\ / ___'_ __ _ _(_)_ __  __ _ \ \ \ \
( ( )\___ | '_ | '_| | '_ \/ _` | \ \ \ \
 \\/  ___)| |_)| | | | | || (_| |  ) ) ) )
  '  |____| .__|_| |_|_| |_\__, | / / / /
 =========|_|==============|___/=/_/_/_/

 :: Spring Boot ::               (v3.4.10)

2025-09-25 10:30:57,565 [,,,,,][main] INFO   [o.s.c.c.c.ConfigServicePropertySourceLocator] Fetching config from server at : http://config-service:8080/
2025-09-25 10:30:58,357 [,,,,,][main] INFO   [o.s.c.c.c.ConfigServicePropertySourceLocator] Located environment: name=h2h-treasury-service, profiles=[dev], label=master, version=ee465218223104550726f9955eb9af63f07367e7, state=null
2025-09-25 10:30:58,359 [,,,,,][main] INFO   [o.s.c.b.c.PropertySourceBootstrapConfiguration] Located property source: [BootstrapPropertySource {name='bootstrapProperties-configClient'}, BootstrapPropertySource {name='bootstrapProperties-ssh://git@gitlab.pro.pandora.mx.corp:2220/mx-santander-online-bomonitor/config-service.git/application-dev.yml'}]
2025-09-25 10:30:58,449 [,,,,,][main] INFO   [m.s.h.m.H2hTreasuryServiceApplication] No active profile set, falling back to 1 default profile: "default"
2025-09-25 10:31:00,778 [,,,,,][main] INFO   [o.s.d.r.c.RepositoryConfigurationDelegate] Bootstrapping Spring Data JPA repositories in DEFAULT mode.
2025-09-25 10:31:01,272 [,,,,,][main] INFO   [o.s.d.r.c.RepositoryConfigurationDelegate] Finished Spring Data repository scanning in 422 ms. Found 7 JPA repository interfaces.
2025-09-25 10:31:02,854 [,,,,,][main] INFO   [o.s.cloud.context.scope.GenericScope] BeanFactory id=1c839fd0-68ad-3286-8ddc-47579427b5f1
2025-09-25 10:31:04,164 [,,,,,][main] INFO   [o.s.b.w.embedded.tomcat.TomcatWebServer] Tomcat initialized with port 8080 (http)
2025-09-25 10:31:04,180 [,,,,,][main] INFO   [o.apache.coyote.http11.Http11NioProtocol] Initializing ProtocolHandler ["http-nio-8080"]
2025-09-25 10:31:04,183 [,,,,,][main] INFO   [o.apache.catalina.core.StandardService] Starting service [Tomcat]
2025-09-25 10:31:04,183 [,,,,,][main] INFO   [org.apache.catalina.core.StandardEngine] Starting Servlet engine: [Apache Tomcat/10.1.44]
2025-09-25 10:31:04,380 [,,,,,][main] INFO   [o.a.c.c.C.[Tomcat].[localhost].[/]] Initializing Spring embedded WebApplicationContext
2025-09-25 10:31:04,381 [,,,,,][main] INFO   [o.s.b.w.s.c.ServletWebServerApplicationContext] Root WebApplicationContext: initialization completed in 5912 ms
2025-09-25 10:31:04,481 [,,,,,][main] INFO   [m.s.p.l.core.worker.WorkerConfig] Usando Worker [mx.santander.pid.logadapter.core.worker.LogAdapterExtractorAPI]
2025-09-25 10:31:04,483 [,,,,,][main] INFO   [m.s.p.l.core.worker.WorkerConfig] Creando Instancia: class mx.santander.pid.logadapter.core.worker.LogAdapterExtractorAPI
2025-09-25 10:31:04,485 [,,,,,][main] INFO   [m.s.p.l.core.filters.TrackerFilter] MDC Tracker Init, headers [X-B3-TraceId], mdcValues [X-B3-TraceId]
2025-09-25 10:31:04,648 [,,,,,][main] INFO   [m.s.p.l.core.filters.ServletFilter] ServletFilter inicializado...
2025-09-25 10:31:04,682 [,,,,,][main] DEBUG  [com.zaxxer.hikari.HikariConfig] Driver class ${H2H_DB_DRIVER} not found in Thread context class loader org.springframework.boot.loader.launch.LaunchedClassLoader@6f539caf, trying classloader org.springframework.boot.loader.launch.LaunchedClassLoader@6f539caf
2025-09-25 10:31:04,684 [,,,,,][main] ERROR  [com.zaxxer.hikari.HikariConfig] Failed to load driver class ${H2H_DB_DRIVER} from HikariConfig class classloader org.springframework.boot.loader.launch.LaunchedClassLoader@6f539caf
2025-09-25 10:31:04,686 [,,,,,][main] WARN   [o.s.b.w.s.c.AnnotationConfigServletWebServerApplicationContext] Exception encountered during context initialization - cancelling refresh attempt: org.springframework.beans.factory.BeanCreationException: Error creating bean with name 'h2hEntityManagerFactory' defined in class path resource [mx/santander/h2h/monitoreoapi/config/DBH2HConfig.class]: Failed to initialize dependency 'dataSourceScriptDatabaseInitializer' of LoadTimeWeaverAware bean 'h2hEntityManagerFactory': Error creating bean with name 'dataSourceScriptDatabaseInitializer' defined in class path resource [org/springframework/boot/autoconfigure/sql/init/DataSourceInitializationConfiguration.class]: Unsatisfied dependency expressed through method 'dataSourceScriptDatabaseInitializer' parameter 0: Error creating bean with name 'dataSourceH2H' defined in class path resource [mx/santander/h2h/monitoreoapi/config/DBH2HConfig.class]: Failed to instantiate [javax.sql.DataSource]: Factory method 'dataSource' threw exception with message: Error creating bean with name 'hikariConfig' defined in class path resource [mx/santander/h2h/monitoreoapi/config/DBH2HConfig.class]: Failed to instantiate [com.zaxxer.hikari.HikariConfig]: Factory method 'hikariConfig' threw exception with message: Failed to load driver class ${H2H_DB_DRIVER} in either of HikariConfig class loader or Thread context classloader
2025-09-25 10:31:04,743 [,,,,,][main] INFO   [o.apache.catalina.core.StandardService] Stopping service [Tomcat]
2025-09-25 10:31:04,747 [,,,,,][main] INFO   [m.s.p.l.core.filters.ServletFilter] TrackerFilter destruido...
2025-09-25 10:31:04,967 [,,,,,][main] INFO   [o.s.b.a.l.ConditionEvaluationReportLogger] 

Error starting ApplicationContext. To display the condition evaluation report re-run your application with 'debug' enabled.
2025-09-25 10:31:05,056 [,,,,,][main] ERROR  [o.springframework.boot.SpringApplication] Application run failed
org.springframework.beans.factory.BeanCreationException: Error creating bean with name 'h2hEntityManagerFactory' defined in class path resource [mx/santander/h2h/monitoreoapi/config/DBH2HConfig.class]: Failed to initialize dependency 'dataSourceScriptDatabaseInitializer' of LoadTimeWeaverAware bean 'h2hEntityManagerFactory': Error creating bean with name 'dataSourceScriptDatabaseInitializer' defined in class path resource [org/springframework/boot/autoconfigure/sql/init/DataSourceInitializationConfiguration.class]: Unsatisfied dependency expressed through method 'dataSourceScriptDatabaseInitializer' parameter 0: Error creating bean with name 'dataSourceH2H' defined in class path resource [mx/santander/h2h/monitoreoapi/config/DBH2HConfig.class]: Failed to instantiate [javax.sql.DataSource]: Factory method 'dataSource' threw exception with message: Error creating bean with name 'hikariConfig' defined in class path resource [mx/santander/h2h/monitoreoapi/config/DBH2HConfig.class]: Failed to instantiate [com.zaxxer.hikari.HikariConfig]: Factory method 'hikariConfig' threw exception with message: Failed to load driver class ${H2H_DB_DRIVER} in either of HikariConfig class loader or Thread context classloader
	at org.springframework.beans.factory.support.AbstractBeanFactory.doGetBean(AbstractBeanFactory.java:328)
	at org.springframework.beans.factory.support.AbstractBeanFactory.getBean(AbstractBeanFactory.java:207)
	at org.springframework.context.support.AbstractApplicationContext.finishBeanFactoryInitialization(AbstractApplicationContext.java:970)
	at org.springframework.context.support.AbstractApplicationContext.refresh(AbstractApplicationContext.java:627)
	at org.springframework.boot.web.servlet.context.ServletWebServerApplicationContext.refresh(ServletWebServerApplicationContext.java:146)
	at org.springframework.boot.SpringApplication.refresh(SpringApplication.java:752)
	at org.springframework.boot.SpringApplication.refreshContext(SpringApplication.java:439)
	at org.springframework.boot.SpringApplication.run(SpringApplication.java:318)
	at org.springframework.boot.SpringApplication.run(SpringApplication.java:1361)
	at org.springframework.boot.SpringApplication.run(SpringApplication.java:1350)
	at mx.santander.h2h.monitoreoapi.H2hTreasuryServiceApplication.main(H2hTreasuryServiceApplication.java:21)
	at java.base/jdk.internal.reflect.NativeMethodAccessorImpl.invoke0(Native Method)
	at java.base/jdk.internal.reflect.NativeMethodAccessorImpl.invoke(NativeMethodAccessorImpl.java:77)
	at java.base/jdk.internal.reflect.DelegatingMethodAccessorImpl.invoke(DelegatingMethodAccessorImpl.java:43)
	at java.base/java.lang.reflect.Method.invoke(Method.java:568)
	at org.springframework.boot.loader.launch.Launcher.launch(Launcher.java:102)
	at org.springframework.boot.loader.launch.Launcher.launch(Launcher.java:64)
	at org.springframework.boot.loader.launch.JarLauncher.main(JarLauncher.java:40)
Caused by: org.springframework.beans.factory.UnsatisfiedDependencyException: Error creating bean with name 'dataSourceScriptDatabaseInitializer' defined in class path resource [org/springframework/boot/autoconfigure/sql/init/DataSourceInitializationConfiguration.class]: Unsatisfied dependency expressed through method 'dataSourceScriptDatabaseInitializer' parameter 0: Error creating bean with name 'dataSourceH2H' defined in class path resource [mx/santander/h2h/monitoreoapi/config/DBH2HConfig.class]: Failed to instantiate [javax.sql.DataSource]: Factory method 'dataSource' threw exception with message: Error creating bean with name 'hikariConfig' defined in class path resource [mx/santander/h2h/monitoreoapi/config/DBH2HConfig.class]: Failed to instantiate [com.zaxxer.hikari.HikariConfig]: Factory method 'hikariConfig' threw exception with message: Failed to load driver class ${H2H_DB_DRIVER} in either of HikariConfig class loader or Thread context classloader
	at org.springframework.beans.factory.support.ConstructorResolver.createArgumentArray(ConstructorResolver.java:804)
	at org.springframework.beans.factory.support.ConstructorResolver.instantiateUsingFactoryMethod(ConstructorResolver.java:546)
	at org.springframework.beans.factory.support.AbstractAutowireCapableBeanFactory.instantiateUsingFactoryMethod(AbstractAutowireCapableBeanFactory.java:1375)
	at org.springframework.beans.factory.support.AbstractAutowireCapableBeanFactory.createBeanInstance(AbstractAutowireCapableBeanFactory.java:1205)
	at org.springframework.beans.factory.support.AbstractAutowireCapableBeanFactory.doCreateBean(AbstractAutowireCapableBeanFactory.java:569)
	at org.springframework.beans.factory.support.AbstractAutowireCapableBeanFactory.createBean(AbstractAutowireCapableBeanFactory.java:529)
	at org.springframework.beans.factory.support.AbstractBeanFactory.lambda$doGetBean$0(AbstractBeanFactory.java:339)
	at org.springframework.beans.factory.support.DefaultSingletonBeanRegistry.getSingleton(DefaultSingletonBeanRegistry.java:373)
	at org.springframework.beans.factory.support.AbstractBeanFactory.doGetBean(AbstractBeanFactory.java:337)
	at org.springframework.beans.factory.support.AbstractBeanFactory.getBean(AbstractBeanFactory.java:202)
	at org.springframework.beans.factory.support.AbstractBeanFactory.doGetBean(AbstractBeanFactory.java:315)
	... 17 common frames omitted
Caused by: org.springframework.beans.factory.BeanCreationException: Error creating bean with name 'dataSourceH2H' defined in class path resource [mx/santander/h2h/monitoreoapi/config/DBH2HConfig.class]: Failed to instantiate [javax.sql.DataSource]: Factory method 'dataSource' threw exception with message: Error creating bean with name 'hikariConfig' defined in class path resource [mx/santander/h2h/monitoreoapi/config/DBH2HConfig.class]: Failed to instantiate [com.zaxxer.hikari.HikariConfig]: Factory method 'hikariConfig' threw exception with message: Failed to load driver class ${H2H_DB_DRIVER} in either of HikariConfig class loader or Thread context classloader
	at org.springframework.beans.factory.support.ConstructorResolver.instantiate(ConstructorResolver.java:657)
	at org.springframework.beans.factory.support.ConstructorResolver.instantiateUsingFactoryMethod(ConstructorResolver.java:645)
	at org.springframework.beans.factory.support.AbstractAutowireCapableBeanFactory.instantiateUsingFactoryMethod(AbstractAutowireCapableBeanFactory.java:1375)
	at org.springframework.beans.factory.support.AbstractAutowireCapableBeanFactory.createBeanInstance(AbstractAutowireCapableBeanFactory.java:1205)
	at org.springframework.beans.factory.support.AbstractAutowireCapableBeanFactory.doCreateBean(AbstractAutowireCapableBeanFactory.java:569)
	at org.springframework.beans.factory.support.AbstractAutowireCapableBeanFactory.createBean(AbstractAutowireCapableBeanFactory.java:529)
	at org.springframework.beans.factory.support.AbstractBeanFactory.lambda$doGetBean$0(AbstractBeanFactory.java:339)
	at org.springframework.beans.factory.support.DefaultSingletonBeanRegistry.getSingleton(DefaultSingletonBeanRegistry.java:373)
	at org.springframework.beans.factory.support.AbstractBeanFactory.doGetBean(AbstractBeanFactory.java:337)
	at org.springframework.beans.factory.support.AbstractBeanFactory.getBean(AbstractBeanFactory.java:202)
	at org.springframework.beans.factory.config.DependencyDescriptor.resolveCandidate(DependencyDescriptor.java:254)
	at org.springframework.beans.factory.support.DefaultListableBeanFactory.doResolveDependency(DefaultListableBeanFactory.java:1760)
	at org.springframework.beans.factory.support.DefaultListableBeanFactory.resolveDependency(DefaultListableBeanFactory.java:1643)
	at org.springframework.beans.factory.support.ConstructorResolver.resolveAutowiredArgument(ConstructorResolver.java:913)
	at org.springframework.beans.factory.support.ConstructorResolver.createArgumentArray(ConstructorResolver.java:791)
	... 27 common frames omitted
Caused by: org.springframework.beans.BeanInstantiationException: Failed to instantiate [javax.sql.DataSource]: Factory method 'dataSource' threw exception with message: Error creating bean with name 'hikariConfig' defined in class path resource [mx/santander/h2h/monitoreoapi/config/DBH2HConfig.class]: Failed to instantiate [com.zaxxer.hikari.HikariConfig]: Factory method 'hikariConfig' threw exception with message: Failed to load driver class ${H2H_DB_DRIVER} in either of HikariConfig class loader or Thread context classloader
	at org.springframework.beans.factory.support.SimpleInstantiationStrategy.lambda$instantiate$0(SimpleInstantiationStrategy.java:200)
	at org.springframework.beans.factory.support.SimpleInstantiationStrategy.instantiateWithFactoryMethod(SimpleInstantiationStrategy.java:89)
	at org.springframework.beans.factory.support.SimpleInstantiationStrategy.instantiate(SimpleInstantiationStrategy.java:169)
	at org.springframework.beans.factory.support.ConstructorResolver.instantiate(ConstructorResolver.java:653)
	... 41 common frames omitted
Caused by: org.springframework.beans.factory.BeanCreationException: Error creating bean with name 'hikariConfig' defined in class path resource [mx/santander/h2h/monitoreoapi/config/DBH2HConfig.class]: Failed to instantiate [com.zaxxer.hikari.HikariConfig]: Factory method 'hikariConfig' threw exception with message: Failed to load driver class ${H2H_DB_DRIVER} in either of HikariConfig class loader or Thread context classloader
	at org.springframework.beans.factory.support.ConstructorResolver.instantiate(ConstructorResolver.java:657)
	at org.springframework.beans.factory.support.ConstructorResolver.instantiateUsingFactoryMethod(ConstructorResolver.java:645)
	at org.springframework.beans.factory.support.AbstractAutowireCapableBeanFactory.instantiateUsingFactoryMethod(AbstractAutowireCapableBeanFactory.java:1375)
	at org.springframework.beans.factory.support.AbstractAutowireCapableBeanFactory.createBeanInstance(AbstractAutowireCapableBeanFactory.java:1205)
	at org.springframework.beans.factory.support.AbstractAutowireCapableBeanFactory.doCreateBean(AbstractAutowireCapableBeanFactory.java:569)
	at org.springframework.beans.factory.support.AbstractAutowireCapableBeanFactory.createBean(AbstractAutowireCapableBeanFactory.java:529)
	at org.springframework.beans.factory.support.AbstractBeanFactory.lambda$doGetBean$0(AbstractBeanFactory.java:339)
	at org.springframework.beans.factory.support.DefaultSingletonBeanRegistry.getSingleton(DefaultSingletonBeanRegistry.java:373)
	at org.springframework.beans.factory.support.AbstractBeanFactory.doGetBean(AbstractBeanFactory.java:337)
	at org.springframework.beans.factory.support.AbstractBeanFactory.getBean(AbstractBeanFactory.java:212)
	at org.springframework.context.annotation.ConfigurationClassEnhancer$BeanMethodInterceptor.resolveBeanReference(ConfigurationClassEnhancer.java:431)
	at org.springframework.context.annotation.ConfigurationClassEnhancer$BeanMethodInterceptor.intercept(ConfigurationClassEnhancer.java:403)
	at mx.santander.h2h.monitoreoapi.config.DBH2HConfig$$SpringCGLIB$$0.hikariConfig(<generated>)
	at mx.santander.h2h.monitoreoapi.config.DBH2HConfig.dataSource(DBH2HConfig.java:161)
	at mx.santander.h2h.monitoreoapi.config.DBH2HConfig$$SpringCGLIB$$0.CGLIB$dataSource$0(<generated>)
	at mx.santander.h2h.monitoreoapi.config.DBH2HConfig$$SpringCGLIB$$FastClass$$1.invoke(<generated>)
	at org.springframework.cglib.proxy.MethodProxy.invokeSuper(MethodProxy.java:258)
	at org.springframework.context.annotation.ConfigurationClassEnhancer$BeanMethodInterceptor.intercept(ConfigurationClassEnhancer.java:400)
	at mx.santander.h2h.monitoreoapi.config.DBH2HConfig$$SpringCGLIB$$0.dataSource(<generated>)
	at java.base/jdk.internal.reflect.NativeMethodAccessorImpl.invoke0(Native Method)
	at java.base/jdk.internal.reflect.NativeMethodAccessorImpl.invoke(NativeMethodAccessorImpl.java:77)
	at java.base/jdk.internal.reflect.DelegatingMethodAccessorImpl.invoke(DelegatingMethodAccessorImpl.java:43)
	at java.base/java.lang.reflect.Method.invoke(Method.java:568)
	at org.springframework.beans.factory.support.SimpleInstantiationStrategy.lambda$instantiate$0(SimpleInstantiationStrategy.java:172)
	... 44 common frames omitted
Caused by: org.springframework.beans.BeanInstantiationException: Failed to instantiate [com.zaxxer.hikari.HikariConfig]: Factory method 'hikariConfig' threw exception with message: Failed to load driver class ${H2H_DB_DRIVER} in either of HikariConfig class loader or Thread context classloader
	at org.springframework.beans.factory.support.SimpleInstantiationStrategy.lambda$instantiate$0(SimpleInstantiationStrategy.java:200)
	at org.springframework.beans.factory.support.SimpleInstantiationStrategy.instantiateWithFactoryMethod(SimpleInstantiationStrategy.java:89)
	at org.springframework.beans.factory.support.SimpleInstantiationStrategy.instantiate(SimpleInstantiationStrategy.java:169)
	at org.springframework.beans.factory.support.ConstructorResolver.instantiate(ConstructorResolver.java:653)
	... 67 common frames omitted
Caused by: java.lang.RuntimeException: Failed to load driver class ${H2H_DB_DRIVER} in either of HikariConfig class loader or Thread context classloader
	at com.zaxxer.hikari.HikariConfig.setDriverClassName(HikariConfig.java:494)
	at mx.santander.h2h.monitoreoapi.config.DBH2HConfig.hikariConfig(DBH2HConfig.java:111)
	at mx.santander.h2h.monitoreoapi.config.DBH2HConfig$$SpringCGLIB$$0.CGLIB$hikariConfig$1(<generated>)
	at mx.santander.h2h.monitoreoapi.config.DBH2HConfig$$SpringCGLIB$$FastClass$$1.invoke(<generated>)
	at org.springframework.cglib.proxy.MethodProxy.invokeSuper(MethodProxy.java:258)
	at org.springframework.context.annotation.ConfigurationClassEnhancer$BeanMethodInterceptor.intercept(ConfigurationClassEnhancer.java:400)
	at mx.santander.h2h.monitoreoapi.config.DBH2HConfig$$SpringCGLIB$$0.hikariConfig(<generated>)
	at java.base/jdk.internal.reflect.NativeMethodAccessorImpl.invoke0(Native Method)
	at java.base/jdk.internal.reflect.NativeMethodAccessorImpl.invoke(NativeMethodAccessorImpl.java:77)
	at java.base/jdk.internal.reflect.DelegatingMethodAccessorImpl.invoke(DelegatingMethodAccessorImpl.java:43)
	at java.base/java.lang.reflect.Method.invoke(Method.java:568)
	at org.springframework.beans.factory.support.SimpleInstantiationStrategy.lambda$instantiate$0(SimpleInstantiationStrategy.java:172)
	... 70 common frames omitted
