=========================================
Starting application
=========================================
 [INFO] Downloading artifact https://nexus.pro.pandora.mx.corp/repository/maven-snapshot/mx/santander/h2h/monitoreoapi/h2h-treasury-service/0.0.1-SNAPSHOT/h2h-treasury-service-0.0.1-20250925.011324-24.jar...
### Default user has been modified ###

  .   ____          _            __ _ _
 /\\ / ___'_ __ _ _(_)_ __  __ _ \ \ \ \
( ( )\___ | '_ | '_| | '_ \/ _` | \ \ \ \
 \\/  ___)| |_)| | | | | || (_| |  ) ) ) )
  '  |____| .__|_| |_|_| |_\__, | / / / /
 =========|_|==============|___/=/_/_/_/

 :: Spring Boot ::               (v3.4.10)

2025-09-25 10:46:14,064 [,,,,,][main] INFO   [o.s.c.c.c.ConfigServicePropertySourceLocator] Fetching config from server at : http://config-service:8080/
2025-09-25 10:46:14,936 [,,,,,][main] INFO   [o.s.c.c.c.ConfigServicePropertySourceLocator] Located environment: name=h2h-treasury-service, profiles=[dev], label=master, version=ee465218223104550726f9955eb9af63f07367e7, state=null
2025-09-25 10:46:14,939 [,,,,,][main] INFO   [o.s.c.b.c.PropertySourceBootstrapConfiguration] Located property source: [BootstrapPropertySource {name='bootstrapProperties-configClient'}, BootstrapPropertySource {name='bootstrapProperties-ssh://git@gitlab.pro.pandora.mx.corp:2220/mx-santander-online-bomonitor/config-service.git/application-dev.yml'}]
2025-09-25 10:46:15,034 [,,,,,][main] INFO   [m.s.h.m.H2hTreasuryServiceApplication] No active profile set, falling back to 1 default profile: "default"
2025-09-25 10:46:17,453 [,,,,,][main] INFO   [o.s.d.r.c.RepositoryConfigurationDelegate] Bootstrapping Spring Data JPA repositories in DEFAULT mode.
2025-09-25 10:46:17,939 [,,,,,][main] INFO   [o.s.d.r.c.RepositoryConfigurationDelegate] Finished Spring Data repository scanning in 474 ms. Found 7 JPA repository interfaces.
2025-09-25 10:46:19,463 [,,,,,][main] INFO   [o.s.cloud.context.scope.GenericScope] BeanFactory id=1c839fd0-68ad-3286-8ddc-47579427b5f1
2025-09-25 10:46:20,841 [,,,,,][main] INFO   [o.s.b.w.embedded.tomcat.TomcatWebServer] Tomcat initialized with port 8080 (http)
2025-09-25 10:46:20,857 [,,,,,][main] INFO   [o.apache.coyote.http11.Http11NioProtocol] Initializing ProtocolHandler ["http-nio-8080"]
2025-09-25 10:46:20,861 [,,,,,][main] INFO   [o.apache.catalina.core.StandardService] Starting service [Tomcat]
2025-09-25 10:46:20,861 [,,,,,][main] INFO   [org.apache.catalina.core.StandardEngine] Starting Servlet engine: [Apache Tomcat/10.1.44]
2025-09-25 10:46:21,062 [,,,,,][main] INFO   [o.a.c.c.C.[Tomcat].[localhost].[/]] Initializing Spring embedded WebApplicationContext
2025-09-25 10:46:21,063 [,,,,,][main] INFO   [o.s.b.w.s.c.ServletWebServerApplicationContext] Root WebApplicationContext: initialization completed in 6004 ms
2025-09-25 10:46:21,166 [,,,,,][main] INFO   [m.s.p.l.core.worker.WorkerConfig] Usando Worker [mx.santander.pid.logadapter.core.worker.LogAdapterExtractorAPI]
2025-09-25 10:46:21,168 [,,,,,][main] INFO   [m.s.p.l.core.worker.WorkerConfig] Creando Instancia: class mx.santander.pid.logadapter.core.worker.LogAdapterExtractorAPI
2025-09-25 10:46:21,170 [,,,,,][main] INFO   [m.s.p.l.core.filters.TrackerFilter] MDC Tracker Init, headers [X-B3-TraceId], mdcValues [X-B3-TraceId]
2025-09-25 10:46:21,273 [,,,,,][main] INFO   [m.s.p.l.core.filters.ServletFilter] ServletFilter inicializado...
2025-09-25 10:46:21,358 [,,,,,][main] DEBUG  [com.zaxxer.hikari.HikariConfig] Driver class org.hibernate.dialect.OracleDialect found in Thread context class loader org.springframework.boot.loader.launch.LaunchedClassLoader@6f539caf
2025-09-25 10:46:21,453 [,,,,,][main] DEBUG  [com.zaxxer.hikari.HikariConfig] HikariPool-1 - configuration:
2025-09-25 10:46:21,457 [,,,,,][main] DEBUG  [com.zaxxer.hikari.HikariConfig] allowPoolSuspension.............false
2025-09-25 10:46:21,457 [,,,,,][main] DEBUG  [com.zaxxer.hikari.HikariConfig] autoCommit......................false
2025-09-25 10:46:21,457 [,,,,,][main] DEBUG  [com.zaxxer.hikari.HikariConfig] catalog.........................none
2025-09-25 10:46:21,457 [,,,,,][main] DEBUG  [com.zaxxer.hikari.HikariConfig] connectionInitSql...............none
2025-09-25 10:46:21,457 [,,,,,][main] DEBUG  [com.zaxxer.hikari.HikariConfig] connectionTestQuery.............none
2025-09-25 10:46:21,457 [,,,,,][main] DEBUG  [com.zaxxer.hikari.HikariConfig] connectionTimeout...............30000
2025-09-25 10:46:21,457 [,,,,,][main] DEBUG  [com.zaxxer.hikari.HikariConfig] dataSource......................none
2025-09-25 10:46:21,457 [,,,,,][main] DEBUG  [com.zaxxer.hikari.HikariConfig] dataSourceClassName.............none
2025-09-25 10:46:21,458 [,,,,,][main] DEBUG  [com.zaxxer.hikari.HikariConfig] dataSourceJNDI..................none
2025-09-25 10:46:21,458 [,,,,,][main] DEBUG  [com.zaxxer.hikari.HikariConfig] dataSourceProperties............{password=<masked>}
2025-09-25 10:46:21,458 [,,,,,][main] DEBUG  [com.zaxxer.hikari.HikariConfig] driverClassName................."org.hibernate.dialect.OracleDialect"
2025-09-25 10:46:21,458 [,,,,,][main] DEBUG  [com.zaxxer.hikari.HikariConfig] exceptionOverrideClassName......none
2025-09-25 10:46:21,458 [,,,,,][main] DEBUG  [com.zaxxer.hikari.HikariConfig] healthCheckProperties...........{}
2025-09-25 10:46:21,458 [,,,,,][main] DEBUG  [com.zaxxer.hikari.HikariConfig] healthCheckRegistry.............none
2025-09-25 10:46:21,459 [,,,,,][main] DEBUG  [com.zaxxer.hikari.HikariConfig] idleTimeout.....................600000
2025-09-25 10:46:21,459 [,,,,,][main] DEBUG  [com.zaxxer.hikari.HikariConfig] initializationFailTimeout.......1
2025-09-25 10:46:21,459 [,,,,,][main] DEBUG  [com.zaxxer.hikari.HikariConfig] isolateInternalQueries..........false
2025-09-25 10:46:21,459 [,,,,,][main] DEBUG  [com.zaxxer.hikari.HikariConfig] jdbcUrl.........................jdbc:oracle:thin:@dbtredlo21mxg01.ilm.dev.mx.corp:1660/deatih2h
2025-09-25 10:46:21,459 [,,,,,][main] DEBUG  [com.zaxxer.hikari.HikariConfig] keepaliveTime...................0
2025-09-25 10:46:21,459 [,,,,,][main] DEBUG  [com.zaxxer.hikari.HikariConfig] leakDetectionThreshold..........0
2025-09-25 10:46:21,459 [,,,,,][main] DEBUG  [com.zaxxer.hikari.HikariConfig] maxLifetime.....................1800000
2025-09-25 10:46:21,459 [,,,,,][main] DEBUG  [com.zaxxer.hikari.HikariConfig] maximumPoolSize.................10
2025-09-25 10:46:21,459 [,,,,,][main] DEBUG  [com.zaxxer.hikari.HikariConfig] metricRegistry..................none
2025-09-25 10:46:21,459 [,,,,,][main] DEBUG  [com.zaxxer.hikari.HikariConfig] metricsTrackerFactory...........none
2025-09-25 10:46:21,459 [,,,,,][main] DEBUG  [com.zaxxer.hikari.HikariConfig] minimumIdle.....................10
2025-09-25 10:46:21,459 [,,,,,][main] DEBUG  [com.zaxxer.hikari.HikariConfig] password........................<masked>
2025-09-25 10:46:21,459 [,,,,,][main] DEBUG  [com.zaxxer.hikari.HikariConfig] poolName........................"HikariPool-1"
2025-09-25 10:46:21,460 [,,,,,][main] DEBUG  [com.zaxxer.hikari.HikariConfig] readOnly........................false
2025-09-25 10:46:21,460 [,,,,,][main] DEBUG  [com.zaxxer.hikari.HikariConfig] registerMbeans..................false
2025-09-25 10:46:21,460 [,,,,,][main] DEBUG  [com.zaxxer.hikari.HikariConfig] scheduledExecutor...............none
2025-09-25 10:46:21,460 [,,,,,][main] DEBUG  [com.zaxxer.hikari.HikariConfig] schema..........................none
2025-09-25 10:46:21,460 [,,,,,][main] DEBUG  [com.zaxxer.hikari.HikariConfig] threadFactory...................internal
2025-09-25 10:46:21,460 [,,,,,][main] DEBUG  [com.zaxxer.hikari.HikariConfig] transactionIsolation............default
2025-09-25 10:46:21,460 [,,,,,][main] DEBUG  [com.zaxxer.hikari.HikariConfig] username........................"deatih2h"
2025-09-25 10:46:21,460 [,,,,,][main] DEBUG  [com.zaxxer.hikari.HikariConfig] validationTimeout...............5000
2025-09-25 10:46:21,461 [,,,,,][main] INFO   [com.zaxxer.hikari.HikariDataSource] HikariPool-1 - Starting...
2025-09-25 10:46:21,672 [,,,,,][main] WARN   [com.zaxxer.hikari.util.DriverDataSource] Registered driver with driverClassName=org.hibernate.dialect.OracleDialect was not found, trying direct instantiation.
2025-09-25 10:46:21,673 [,,,,,][main] DEBUG  [com.zaxxer.hikari.util.DriverDataSource] Driver class org.hibernate.dialect.OracleDialect found in Thread context class loader org.springframework.boot.loader.launch.LaunchedClassLoader@6f539caf
2025-09-25 10:46:21,673 [,,,,,][main] WARN   [com.zaxxer.hikari.util.DriverDataSource] Failed to create instance of driver class org.hibernate.dialect.OracleDialect, trying jdbcUrl resolution
java.lang.ClassCastException: class org.hibernate.dialect.OracleDialect cannot be cast to class java.sql.Driver (org.hibernate.dialect.OracleDialect is in unnamed module of loader org.springframework.boot.loader.launch.LaunchedClassLoader @6f539caf; java.sql.Driver is in module java.sql of loader 'platform')
	at com.zaxxer.hikari.util.DriverDataSource.<init>(DriverDataSource.java:93)
	at com.zaxxer.hikari.pool.PoolBase.initializeDataSource(PoolBase.java:327)
	at com.zaxxer.hikari.pool.PoolBase.<init>(PoolBase.java:113)
	at com.zaxxer.hikari.pool.HikariPool.<init>(HikariPool.java:91)
	at com.zaxxer.hikari.HikariDataSource.<init>(HikariDataSource.java:80)
	at mx.santander.h2h.monitoreoapi.config.DBH2HConfig.dataSource(DBH2HConfig.java:161)
	at mx.santander.h2h.monitoreoapi.config.DBH2HConfig$$SpringCGLIB$$0.CGLIB$dataSource$0(<generated>)
	at mx.santander.h2h.monitoreoapi.config.DBH2HConfig$$SpringCGLIB$$FastClass$$1.invoke(<generated>)
	at org.springframework.cglib.proxy.MethodProxy.invokeSuper(MethodProxy.java:258)
	at org.springframework.context.annotation.ConfigurationClassEnhancer$BeanMethodInterceptor.intercept(ConfigurationClassEnhancer.java:400)
	at mx.santander.h2h.monitoreoapi.config.DBH2HConfig$$SpringCGLIB$$0.dataSource(<generated>)
	at java.base/jdk.internal.reflect.NativeMethodAccessorImpl.invoke0(Native Method)
	at java.base/jdk.internal.reflect.NativeMethodAccessorImpl.invoke(NativeMethodAccessorImpl.java:77)
	at java.base/jdk.internal.reflect.DelegatingMethodAccessorImpl.invoke(DelegatingMethodAccessorImpl.java:43)
	at java.base/java.lang.reflect.Method.invoke(Method.java:568)
	at org.springframework.beans.factory.support.SimpleInstantiationStrategy.lambda$instantiate$0(SimpleInstantiationStrategy.java:172)
	at org.springframework.beans.factory.support.SimpleInstantiationStrategy.instantiateWithFactoryMethod(SimpleInstantiationStrategy.java:89)
	at org.springframework.beans.factory.support.SimpleInstantiationStrategy.instantiate(SimpleInstantiationStrategy.java:169)
	at org.springframework.beans.factory.support.ConstructorResolver.instantiate(ConstructorResolver.java:653)
	at org.springframework.beans.factory.support.ConstructorResolver.instantiateUsingFactoryMethod(ConstructorResolver.java:645)
	at org.springframework.beans.factory.support.AbstractAutowireCapableBeanFactory.instantiateUsingFactoryMethod(AbstractAutowireCapableBeanFactory.java:1375)
	at org.springframework.beans.factory.support.AbstractAutowireCapableBeanFactory.createBeanInstance(AbstractAutowireCapableBeanFactory.java:1205)
	at org.springframework.beans.factory.support.AbstractAutowireCapableBeanFactory.doCreateBean(AbstractAutowireCapableBeanFactory.java:569)
	at org.springframework.beans.factory.support.AbstractAutowireCapableBeanFactory.createBean(AbstractAutowireCapableBeanFactory.java:529)
	at org.springframework.beans.factory.support.AbstractBeanFactory.lambda$doGetBean$0(AbstractBeanFactory.java:339)
	at org.springframework.beans.factory.support.DefaultSingletonBeanRegistry.getSingleton(DefaultSingletonBeanRegistry.java:373)
	at org.springframework.beans.factory.support.AbstractBeanFactory.doGetBean(AbstractBeanFactory.java:337)
	at org.springframework.beans.factory.support.AbstractBeanFactory.getBean(AbstractBeanFactory.java:202)
	at org.springframework.beans.factory.config.DependencyDescriptor.resolveCandidate(DependencyDescriptor.java:254)
	at org.springframework.beans.factory.support.DefaultListableBeanFactory.doResolveDependency(DefaultListableBeanFactory.java:1760)
	at org.springframework.beans.factory.support.DefaultListableBeanFactory.resolveDependency(DefaultListableBeanFactory.java:1643)
	at org.springframework.beans.factory.support.ConstructorResolver.resolveAutowiredArgument(ConstructorResolver.java:913)
	at org.springframework.beans.factory.support.ConstructorResolver.createArgumentArray(ConstructorResolver.java:791)
	at org.springframework.beans.factory.support.ConstructorResolver.instantiateUsingFactoryMethod(ConstructorResolver.java:546)
	at org.springframework.beans.factory.support.AbstractAutowireCapableBeanFactory.instantiateUsingFactoryMethod(AbstractAutowireCapableBeanFactory.java:1375)
	at org.springframework.beans.factory.support.AbstractAutowireCapableBeanFactory.createBeanInstance(AbstractAutowireCapableBeanFactory.java:1205)
	at org.springframework.beans.factory.support.AbstractAutowireCapableBeanFactory.doCreateBean(AbstractAutowireCapableBeanFactory.java:569)
	at org.springframework.beans.factory.support.AbstractAutowireCapableBeanFactory.createBean(AbstractAutowireCapableBeanFactory.java:529)
	at org.springframework.beans.factory.support.AbstractBeanFactory.lambda$doGetBean$0(AbstractBeanFactory.java:339)
	at org.springframework.beans.factory.support.DefaultSingletonBeanRegistry.getSingleton(DefaultSingletonBeanRegistry.java:373)
	at org.springframework.beans.factory.support.AbstractBeanFactory.doGetBean(AbstractBeanFactory.java:337)
	at org.springframework.beans.factory.support.AbstractBeanFactory.getBean(AbstractBeanFactory.java:202)
	at org.springframework.beans.factory.support.AbstractBeanFactory.doGetBean(AbstractBeanFactory.java:315)
	at org.springframework.beans.factory.support.AbstractBeanFactory.getBean(AbstractBeanFactory.java:207)
	at org.springframework.context.support.AbstractApplicationContext.finishBeanFactoryInitialization(AbstractApplicationContext.java:970)
	at org.springframework.context.support.AbstractApplicationContext.refresh(AbstractApplicationContext.java:627)
	at org.springframework.boot.web.servlet.context.ServletWebServerApplicationContext.refresh(ServletWebServerApplicationContext.java:146)
	at org.springframework.boot.SpringApplication.refresh(SpringApplication.java:752)
	at org.springframework.boot.SpringApplication.refreshContext(SpringApplication.java:439)
	at org.springframework.boot.SpringApplication.run(SpringApplication.java:318)
	at org.springframework.boot.SpringApplication.run(SpringApplication.java:1361)
	at org.springframework.boot.SpringApplication.run(SpringApplication.java:1350)
	at mx.santander.h2h.monitoreoapi.H2hTreasuryServiceApplication.main(H2hTreasuryServiceApplication.java:21)
	at java.base/jdk.internal.reflect.NativeMethodAccessorImpl.invoke0(Native Method)
	at java.base/jdk.internal.reflect.NativeMethodAccessorImpl.invoke(NativeMethodAccessorImpl.java:77)
	at java.base/jdk.internal.reflect.DelegatingMethodAccessorImpl.invoke(DelegatingMethodAccessorImpl.java:43)
	at java.base/java.lang.reflect.Method.invoke(Method.java:568)
	at org.springframework.boot.loader.launch.Launcher.launch(Launcher.java:102)
	at org.springframework.boot.loader.launch.Launcher.launch(Launcher.java:64)
	at org.springframework.boot.loader.launch.JarLauncher.main(JarLauncher.java:40)
2025-09-25 10:46:21,676 [,,,,,][main] DEBUG  [com.zaxxer.hikari.util.DriverDataSource] Loaded driver with class name oracle.jdbc.OracleDriver for jdbcUrl=jdbc:oracle:thin:@dbtredlo21mxg01.ilm.dev.mx.corp:1660/deatih2h
2025-09-25 10:46:21,956 [,,,,,][main] DEBUG  [com.zaxxer.hikari.pool.PoolBase] HikariPool-1 - Failed to create/setup connection: Listener refused the connection with the following error:
ORA-12514, TNS:listener does not currently know of service requested in connect descriptor
 
2025-09-25 10:46:21,956 [,,,,,][main] DEBUG  [com.zaxxer.hikari.pool.HikariPool] HikariPool-1 - Cannot acquire connection from data source
java.sql.SQLRecoverableException: Listener refused the connection with the following error:
ORA-12514, TNS:listener does not currently know of service requested in connect descriptor
 
	at oracle.jdbc.driver.T4CConnection.logon(T4CConnection.java:854)
	at oracle.jdbc.driver.PhysicalConnection.connect(PhysicalConnection.java:793)
	at oracle.jdbc.driver.T4CDriverExtension.getConnection(T4CDriverExtension.java:57)
	at oracle.jdbc.driver.OracleDriver.connect(OracleDriver.java:747)
	at oracle.jdbc.driver.OracleDriver.connect(OracleDriver.java:562)
	at com.zaxxer.hikari.util.DriverDataSource.getConnection(DriverDataSource.java:137)
	at com.zaxxer.hikari.pool.PoolBase.newConnection(PoolBase.java:360)
	at com.zaxxer.hikari.pool.PoolBase.newPoolEntry(PoolBase.java:202)
	at com.zaxxer.hikari.pool.HikariPool.createPoolEntry(HikariPool.java:461)
	at com.zaxxer.hikari.pool.HikariPool.checkFailFast(HikariPool.java:550)
	at com.zaxxer.hikari.pool.HikariPool.<init>(HikariPool.java:98)
	at com.zaxxer.hikari.HikariDataSource.<init>(HikariDataSource.java:80)
	at mx.santander.h2h.monitoreoapi.config.DBH2HConfig.dataSource(DBH2HConfig.java:161)
	at mx.santander.h2h.monitoreoapi.config.DBH2HConfig$$SpringCGLIB$$0.CGLIB$dataSource$0(<generated>)
	at mx.santander.h2h.monitoreoapi.config.DBH2HConfig$$SpringCGLIB$$FastClass$$1.invoke(<generated>)
	at org.springframework.cglib.proxy.MethodProxy.invokeSuper(MethodProxy.java:258)
	at org.springframework.context.annotation.ConfigurationClassEnhancer$BeanMethodInterceptor.intercept(ConfigurationClassEnhancer.java:400)
	at mx.santander.h2h.monitoreoapi.config.DBH2HConfig$$SpringCGLIB$$0.dataSource(<generated>)
	at java.base/jdk.internal.reflect.NativeMethodAccessorImpl.invoke0(Native Method)
	at java.base/jdk.internal.reflect.NativeMethodAccessorImpl.invoke(NativeMethodAccessorImpl.java:77)
	at java.base/jdk.internal.reflect.DelegatingMethodAccessorImpl.invoke(DelegatingMethodAccessorImpl.java:43)
	at java.base/java.lang.reflect.Method.invoke(Method.java:568)
	at org.springframework.beans.factory.support.SimpleInstantiationStrategy.lambda$instantiate$0(SimpleInstantiationStrategy.java:172)
	at org.springframework.beans.factory.support.SimpleInstantiationStrategy.instantiateWithFactoryMethod(SimpleInstantiationStrategy.java:89)
	at org.springframework.beans.factory.support.SimpleInstantiationStrategy.instantiate(SimpleInstantiationStrategy.java:169)
	at org.springframework.beans.factory.support.ConstructorResolver.instantiate(ConstructorResolver.java:653)
	at org.springframework.beans.factory.support.ConstructorResolver.instantiateUsingFactoryMethod(ConstructorResolver.java:645)
	at org.springframework.beans.factory.support.AbstractAutowireCapableBeanFactory.instantiateUsingFactoryMethod(AbstractAutowireCapableBeanFactory.java:1375)
	at org.springframework.beans.factory.support.AbstractAutowireCapableBeanFactory.createBeanInstance(AbstractAutowireCapableBeanFactory.java:1205)
	at org.springframework.beans.factory.support.AbstractAutowireCapableBeanFactory.doCreateBean(AbstractAutowireCapableBeanFactory.java:569)
	at org.springframework.beans.factory.support.AbstractAutowireCapableBeanFactory.createBean(AbstractAutowireCapableBeanFactory.java:529)
	at org.springframework.beans.factory.support.AbstractBeanFactory.lambda$doGetBean$0(AbstractBeanFactory.java:339)
	at org.springframework.beans.factory.support.DefaultSingletonBeanRegistry.getSingleton(DefaultSingletonBeanRegistry.java:373)
	at org.springframework.beans.factory.support.AbstractBeanFactory.doGetBean(AbstractBeanFactory.java:337)
	at org.springframework.beans.factory.support.AbstractBeanFactory.getBean(AbstractBeanFactory.java:202)
	at org.springframework.beans.factory.config.DependencyDescriptor.resolveCandidate(DependencyDescriptor.java:254)
	at org.springframework.beans.factory.support.DefaultListableBeanFactory.doResolveDependency(DefaultListableBeanFactory.java:1760)
	at org.springframework.beans.factory.support.DefaultListableBeanFactory.resolveDependency(DefaultListableBeanFactory.java:1643)
	at org.springframework.beans.factory.support.ConstructorResolver.resolveAutowiredArgument(ConstructorResolver.java:913)
	at org.springframework.beans.factory.support.ConstructorResolver.createArgumentArray(ConstructorResolver.java:791)
	at org.springframework.beans.factory.support.ConstructorResolver.instantiateUsingFactoryMethod(ConstructorResolver.java:546)
	at org.springframework.beans.factory.support.AbstractAutowireCapableBeanFactory.instantiateUsingFactoryMethod(AbstractAutowireCapableBeanFactory.java:1375)
	at org.springframework.beans.factory.support.AbstractAutowireCapableBeanFactory.createBeanInstance(AbstractAutowireCapableBeanFactory.java:1205)
	at org.springframework.beans.factory.support.AbstractAutowireCapableBeanFactory.doCreateBean(AbstractAutowireCapableBeanFactory.java:569)
	at org.springframework.beans.factory.support.AbstractAutowireCapableBeanFactory.createBean(AbstractAutowireCapableBeanFactory.java:529)
	at org.springframework.beans.factory.support.AbstractBeanFactory.lambda$doGetBean$0(AbstractBeanFactory.java:339)
	at org.springframework.beans.factory.support.DefaultSingletonBeanRegistry.getSingleton(DefaultSingletonBeanRegistry.java:373)
	at org.springframework.beans.factory.support.AbstractBeanFactory.doGetBean(AbstractBeanFactory.java:337)
	at org.springframework.beans.factory.support.AbstractBeanFactory.getBean(AbstractBeanFactory.java:202)
	at org.springframework.beans.factory.support.AbstractBeanFactory.doGetBean(AbstractBeanFactory.java:315)
	at org.springframework.beans.factory.support.AbstractBeanFactory.getBean(AbstractBeanFactory.java:207)
	at org.springframework.context.support.AbstractApplicationContext.finishBeanFactoryInitialization(AbstractApplicationContext.java:970)
	at org.springframework.context.support.AbstractApplicationContext.refresh(AbstractApplicationContext.java:627)
	at org.springframework.boot.web.servlet.context.ServletWebServerApplicationContext.refresh(ServletWebServerApplicationContext.java:146)
	at org.springframework.boot.SpringApplication.refresh(SpringApplication.java:752)
	at org.springframework.boot.SpringApplication.refreshContext(SpringApplication.java:439)
	at org.springframework.boot.SpringApplication.run(SpringApplication.java:318)
	at org.springframework.boot.SpringApplication.run(SpringApplication.java:1361)
	at org.springframework.boot.SpringApplication.run(SpringApplication.java:1350)
	at mx.santander.h2h.monitoreoapi.H2hTreasuryServiceApplication.main(H2hTreasuryServiceApplication.java:21)
	at java.base/jdk.internal.reflect.NativeMethodAccessorImpl.invoke0(Native Method)
	at java.base/jdk.internal.reflect.NativeMethodAccessorImpl.invoke(NativeMethodAccessorImpl.java:77)
	at java.base/jdk.internal.reflect.DelegatingMethodAccessorImpl.invoke(DelegatingMethodAccessorImpl.java:43)
	at java.base/java.lang.reflect.Method.invoke(Method.java:568)
	at org.springframework.boot.loader.launch.Launcher.launch(Launcher.java:102)
	at org.springframework.boot.loader.launch.Launcher.launch(Launcher.java:64)
	at org.springframework.boot.loader.launch.JarLauncher.main(JarLauncher.java:40)
Caused by: oracle.net.ns.NetException: Listener refused the connection with the following error:
ORA-12514, TNS:listener does not currently know of service requested in connect descriptor
 
	at oracle.net.ns.NSProtocolNIO.negotiateConnection(NSProtocolNIO.java:284)
	at oracle.net.ns.NSProtocol.connect(NSProtocol.java:340)
	at oracle.jdbc.driver.T4CConnection.connect(T4CConnection.java:1596)
	at oracle.jdbc.driver.T4CConnection.logon(T4CConnection.java:588)
	... 66 common frames omitted
2025-09-25 10:46:22,959 [,,,,,][main] WARN   [o.s.b.w.s.c.AnnotationConfigServletWebServerApplicationContext] Exception encountered during context initialization - cancelling refresh attempt: org.springframework.beans.factory.BeanCreationException: Error creating bean with name 'h2hEntityManagerFactory' defined in class path resource [mx/santander/h2h/monitoreoapi/config/DBH2HConfig.class]: Failed to initialize dependency 'dataSourceScriptDatabaseInitializer' of LoadTimeWeaverAware bean 'h2hEntityManagerFactory': Error creating bean with name 'dataSourceScriptDatabaseInitializer' defined in class path resource [org/springframework/boot/autoconfigure/sql/init/DataSourceInitializationConfiguration.class]: Unsatisfied dependency expressed through method 'dataSourceScriptDatabaseInitializer' parameter 0: Error creating bean with name 'dataSourceH2H' defined in class path resource [mx/santander/h2h/monitoreoapi/config/DBH2HConfig.class]: Failed to instantiate [javax.sql.DataSource]: Factory method 'dataSource' threw exception with message: Failed to initialize pool: Listener refused the connection with the following error:
ORA-12514, TNS:listener does not currently know of service requested in connect descriptor
 
2025-09-25 10:46:22,962 [,,,,,][main] INFO   [o.apache.catalina.core.StandardService] Stopping service [Tomcat]
2025-09-25 10:46:22,964 [,,,,,][main] INFO   [m.s.p.l.core.filters.ServletFilter] TrackerFilter destruido...
2025-09-25 10:46:22,980 [,,,,,][main] INFO   [o.s.b.a.l.ConditionEvaluationReportLogger] 

Error starting ApplicationContext. To display the condition evaluation report re-run your application with 'debug' enabled.
2025-09-25 10:46:23,005 [,,,,,][main] ERROR  [o.springframework.boot.SpringApplication] Application run failed
org.springframework.beans.factory.BeanCreationException: Error creating bean with name 'h2hEntityManagerFactory' defined in class path resource [mx/santander/h2h/monitoreoapi/config/DBH2HConfig.class]: Failed to initialize dependency 'dataSourceScriptDatabaseInitializer' of LoadTimeWeaverAware bean 'h2hEntityManagerFactory': Error creating bean with name 'dataSourceScriptDatabaseInitializer' defined in class path resource [org/springframework/boot/autoconfigure/sql/init/DataSourceInitializationConfiguration.class]: Unsatisfied dependency expressed through method 'dataSourceScriptDatabaseInitializer' parameter 0: Error creating bean with name 'dataSourceH2H' defined in class path resource [mx/santander/h2h/monitoreoapi/config/DBH2HConfig.class]: Failed to instantiate [javax.sql.DataSource]: Factory method 'dataSource' threw exception with message: Failed to initialize pool: Listener refused the connection with the following error:
ORA-12514, TNS:listener does not currently know of service requested in connect descriptor
 
	at org.springframework.beans.factory.support.AbstractBeanFactory.doGetBean(AbstractBeanFactory.java:328)
	at org.springframework.beans.factory.support.AbstractBeanFactory.getBean(AbstractBeanFactory.java:207)
	at org.springframework.context.support.AbstractApplicationContext.finishBeanFactoryInitialization(AbstractApplicationContext.java:970)
	at org.springframework.context.support.AbstractApplicationContext.refresh(AbstractApplicationContext.java:627)
	at org.springframework.boot.web.servlet.context.ServletWebServerApplicationContext.refresh(ServletWebServerApplicationContext.java:146)
	at org.springframework.boot.SpringApplication.refresh(SpringApplication.java:752)
	at org.springframework.boot.SpringApplication.refreshContext(SpringApplication.java:439)
	at org.springframework.boot.SpringApplication.run(SpringApplication.java:318)
	at org.springframework.boot.SpringApplication.run(SpringApplication.java:1361)
	at org.springframework.boot.SpringApplication.run(SpringApplication.java:1350)
	at mx.santander.h2h.monitoreoapi.H2hTreasuryServiceApplication.main(H2hTreasuryServiceApplication.java:21)
	at java.base/jdk.internal.reflect.NativeMethodAccessorImpl.invoke0(Native Method)
	at java.base/jdk.internal.reflect.NativeMethodAccessorImpl.invoke(NativeMethodAccessorImpl.java:77)
	at java.base/jdk.internal.reflect.DelegatingMethodAccessorImpl.invoke(DelegatingMethodAccessorImpl.java:43)
	at java.base/java.lang.reflect.Method.invoke(Method.java:568)
	at org.springframework.boot.loader.launch.Launcher.launch(Launcher.java:102)
	at org.springframework.boot.loader.launch.Launcher.launch(Launcher.java:64)
	at org.springframework.boot.loader.launch.JarLauncher.main(JarLauncher.java:40)
Caused by: org.springframework.beans.factory.UnsatisfiedDependencyException: Error creating bean with name 'dataSourceScriptDatabaseInitializer' defined in class path resource [org/springframework/boot/autoconfigure/sql/init/DataSourceInitializationConfiguration.class]: Unsatisfied dependency expressed through method 'dataSourceScriptDatabaseInitializer' parameter 0: Error creating bean with name 'dataSourceH2H' defined in class path resource [mx/santander/h2h/monitoreoapi/config/DBH2HConfig.class]: Failed to instantiate [javax.sql.DataSource]: Factory method 'dataSource' threw exception with message: Failed to initialize pool: Listener refused the connection with the following error:
ORA-12514, TNS:listener does not currently know of service requested in connect descriptor
 
	at org.springframework.beans.factory.support.ConstructorResolver.createArgumentArray(ConstructorResolver.java:804)
	at org.springframework.beans.factory.support.ConstructorResolver.instantiateUsingFactoryMethod(ConstructorResolver.java:546)
	at org.springframework.beans.factory.support.AbstractAutowireCapableBeanFactory.instantiateUsingFactoryMethod(AbstractAutowireCapableBeanFactory.java:1375)
	at org.springframework.beans.factory.support.AbstractAutowireCapableBeanFactory.createBeanInstance(AbstractAutowireCapableBeanFactory.java:1205)
	at org.springframework.beans.factory.support.AbstractAutowireCapableBeanFactory.doCreateBean(AbstractAutowireCapableBeanFactory.java:569)
	at org.springframework.beans.factory.support.AbstractAutowireCapableBeanFactory.createBean(AbstractAutowireCapableBeanFactory.java:529)
	at org.springframework.beans.factory.support.AbstractBeanFactory.lambda$doGetBean$0(AbstractBeanFactory.java:339)
	at org.springframework.beans.factory.support.DefaultSingletonBeanRegistry.getSingleton(DefaultSingletonBeanRegistry.java:373)
	at org.springframework.beans.factory.support.AbstractBeanFactory.doGetBean(AbstractBeanFactory.java:337)
	at org.springframework.beans.factory.support.AbstractBeanFactory.getBean(AbstractBeanFactory.java:202)
	at org.springframework.beans.factory.support.AbstractBeanFactory.doGetBean(AbstractBeanFactory.java:315)
	... 17 common frames omitted
Caused by: org.springframework.beans.factory.BeanCreationException: Error creating bean with name 'dataSourceH2H' defined in class path resource [mx/santander/h2h/monitoreoapi/config/DBH2HConfig.class]: Failed to instantiate [javax.sql.DataSource]: Factory method 'dataSource' threw exception with message: Failed to initialize pool: Listener refused the connection with the following error:
ORA-12514, TNS:listener does not currently know of service requested in connect descriptor
 
	at org.springframework.beans.factory.support.ConstructorResolver.instantiate(ConstructorResolver.java:657)
	at org.springframework.beans.factory.support.ConstructorResolver.instantiateUsingFactoryMethod(ConstructorResolver.java:645)
	at org.springframework.beans.factory.support.AbstractAutowireCapableBeanFactory.instantiateUsingFactoryMethod(AbstractAutowireCapableBeanFactory.java:1375)
	at org.springframework.beans.factory.support.AbstractAutowireCapableBeanFactory.createBeanInstance(AbstractAutowireCapableBeanFactory.java:1205)
	at org.springframework.beans.factory.support.AbstractAutowireCapableBeanFactory.doCreateBean(AbstractAutowireCapableBeanFactory.java:569)
	at org.springframework.beans.factory.support.AbstractAutowireCapableBeanFactory.createBean(AbstractAutowireCapableBeanFactory.java:529)
	at org.springframework.beans.factory.support.AbstractBeanFactory.lambda$doGetBean$0(AbstractBeanFactory.java:339)
	at org.springframework.beans.factory.support.DefaultSingletonBeanRegistry.getSingleton(DefaultSingletonBeanRegistry.java:373)
	at org.springframework.beans.factory.support.AbstractBeanFactory.doGetBean(AbstractBeanFactory.java:337)
	at org.springframework.beans.factory.support.AbstractBeanFactory.getBean(AbstractBeanFactory.java:202)
	at org.springframework.beans.factory.config.DependencyDescriptor.resolveCandidate(DependencyDescriptor.java:254)
	at org.springframework.beans.factory.support.DefaultListableBeanFactory.doResolveDependency(DefaultListableBeanFactory.java:1760)
	at org.springframework.beans.factory.support.DefaultListableBeanFactory.resolveDependency(DefaultListableBeanFactory.java:1643)
	at org.springframework.beans.factory.support.ConstructorResolver.resolveAutowiredArgument(ConstructorResolver.java:913)
	at org.springframework.beans.factory.support.ConstructorResolver.createArgumentArray(ConstructorResolver.java:791)
	... 27 common frames omitted
Caused by: org.springframework.beans.BeanInstantiationException: Failed to instantiate [javax.sql.DataSource]: Factory method 'dataSource' threw exception with message: Failed to initialize pool: Listener refused the connection with the following error:
ORA-12514, TNS:listener does not currently know of service requested in connect descriptor
 
	at org.springframework.beans.factory.support.SimpleInstantiationStrategy.lambda$instantiate$0(SimpleInstantiationStrategy.java:200)
	at org.springframework.beans.factory.support.SimpleInstantiationStrategy.instantiateWithFactoryMethod(SimpleInstantiationStrategy.java:89)
	at org.springframework.beans.factory.support.SimpleInstantiationStrategy.instantiate(SimpleInstantiationStrategy.java:169)
	at org.springframework.beans.factory.support.ConstructorResolver.instantiate(ConstructorResolver.java:653)
	... 41 common frames omitted
Caused by: com.zaxxer.hikari.pool.HikariPool$PoolInitializationException: Failed to initialize pool: Listener refused the connection with the following error:
ORA-12514, TNS:listener does not currently know of service requested in connect descriptor
 
	at com.zaxxer.hikari.pool.HikariPool.throwPoolInitializationException(HikariPool.java:584)
	at com.zaxxer.hikari.pool.HikariPool.checkFailFast(HikariPool.java:571)
	at com.zaxxer.hikari.pool.HikariPool.<init>(HikariPool.java:98)
	at com.zaxxer.hikari.HikariDataSource.<init>(HikariDataSource.java:80)
	at mx.santander.h2h.monitoreoapi.config.DBH2HConfig.dataSource(DBH2HConfig.java:161)
	at mx.santander.h2h.monitoreoapi.config.DBH2HConfig$$SpringCGLIB$$0.CGLIB$dataSource$0(<generated>)
	at mx.santander.h2h.monitoreoapi.config.DBH2HConfig$$SpringCGLIB$$FastClass$$1.invoke(<generated>)
	at org.springframework.cglib.proxy.MethodProxy.invokeSuper(MethodProxy.java:258)
	at org.springframework.context.annotation.ConfigurationClassEnhancer$BeanMethodInterceptor.intercept(ConfigurationClassEnhancer.java:400)
	at mx.santander.h2h.monitoreoapi.config.DBH2HConfig$$SpringCGLIB$$0.dataSource(<generated>)
	at java.base/jdk.internal.reflect.NativeMethodAccessorImpl.invoke0(Native Method)
	at java.base/jdk.internal.reflect.NativeMethodAccessorImpl.invoke(NativeMethodAccessorImpl.java:77)
	at java.base/jdk.internal.reflect.DelegatingMethodAccessorImpl.invoke(DelegatingMethodAccessorImpl.java:43)
	at java.base/java.lang.reflect.Method.invoke(Method.java:568)
	at org.springframework.beans.factory.support.SimpleInstantiationStrategy.lambda$instantiate$0(SimpleInstantiationStrategy.java:172)
	... 44 common frames omitted
Caused by: java.sql.SQLRecoverableException: Listener refused the connection with the following error:
ORA-12514, TNS:listener does not currently know of service requested in connect descriptor
 
	at oracle.jdbc.driver.T4CConnection.logon(T4CConnection.java:854)
	at oracle.jdbc.driver.PhysicalConnection.connect(PhysicalConnection.java:793)
	at oracle.jdbc.driver.T4CDriverExtension.getConnection(T4CDriverExtension.java:57)
	at oracle.jdbc.driver.OracleDriver.connect(OracleDriver.java:747)
	at oracle.jdbc.driver.OracleDriver.connect(OracleDriver.java:562)
	at com.zaxxer.hikari.util.DriverDataSource.getConnection(DriverDataSource.java:137)
	at com.zaxxer.hikari.pool.PoolBase.newConnection(PoolBase.java:360)
	at com.zaxxer.hikari.pool.PoolBase.newPoolEntry(PoolBase.java:202)
	at com.zaxxer.hikari.pool.HikariPool.createPoolEntry(HikariPool.java:461)
	at com.zaxxer.hikari.pool.HikariPool.checkFailFast(HikariPool.java:550)
	... 57 common frames omitted
Caused by: oracle.net.ns.NetException: Listener refused the connection with the following error:
ORA-12514, TNS:listener does not currently know of service requested in connect descriptor
 
	at oracle.net.ns.NSProtocolNIO.negotiateConnection(NSProtocolNIO.java:284)
	at oracle.net.ns.NSProtocol.connect(NSProtocol.java:340)
	at oracle.jdbc.driver.T4CConnection.connect(T4CConnection.java:1596)
	at oracle.jdbc.driver.T4CConnection.logon(T4CConnection.java:588)
	... 66 common frames omitted
